  Ball.cpp
  SFML_podstawy.cpp
C:\Pojekty_wslasne\SFML_podstawy\SFML_podstawy\SFML_podstawy.cpp(70,20): warning C4018: "<": niezgodność typu ze znakiem/bez znaku
C:\Pojekty_wslasne\SFML_podstawy\SFML_podstawy\SFML_podstawy.cpp(71,27): warning C4018: "<": niezgodność typu ze znakiem/bez znaku
C:\Program Files (x86)\Microsoft Visual Studio\2019\Community\VC\Tools\MSVC\14.26.28801\include\xmemory(671,103): warning C4244: "argument": konwersja z "unsigned int" do "float", możliwa utrata danych
C:\Program Files (x86)\Microsoft Visual Studio\2019\Community\VC\Tools\MSVC\14.26.28801\include\vector(682): message : zobacz odwołanie do kompilowanego tworzenia wystąpienia „void std::_Default_allocator_traits<_Alloc>::construct<_Ty,unsigned int,unsigned int,unsigned int&,unsigned int&>(_Alloc &,_Objty *const ,unsigned int &&,unsigned int &&,unsigned int &,unsigned int &)” funkcji szablon
          with
          [
              _Alloc=std::allocator<Block>,
              _Ty=Block,
              _Objty=Block
          ]
C:\Program Files (x86)\Microsoft Visual Studio\2019\Community\VC\Tools\MSVC\14.26.28801\include\vector(687): message : zobacz odwołanie do kompilowanego tworzenia wystąpienia „void std::_Default_allocator_traits<_Alloc>::construct<_Ty,unsigned int,unsigned int,unsigned int&,unsigned int&>(_Alloc &,_Objty *const ,unsigned int &&,unsigned int &&,unsigned int &,unsigned int &)” funkcji szablon
          with
          [
              _Alloc=std::allocator<Block>,
              _Ty=Block,
              _Objty=Block
          ]
C:\Program Files (x86)\Microsoft Visual Studio\2019\Community\VC\Tools\MSVC\14.26.28801\include\vector(700): message : zobacz odwołanie do kompilowanego tworzenia wystąpienia „void std::vector<Block,std::allocator<Block>>::_Emplace_back_with_unused_capacity<_Ty,_Ty,unsigned int&,unsigned int&>(_Ty &&,_Ty &&,unsigned int &,unsigned int &)” funkcji szablon
          with
          [
              _Ty=unsigned int
          ]
C:\Pojekty_wslasne\SFML_podstawy\SFML_podstawy\SFML_podstawy.cpp(73): message : zobacz odwołanie do kompilowanego tworzenia wystąpienia „void std::vector<Block,std::allocator<Block>>::emplace_back<unsigned int,unsigned int,unsigned int&,unsigned int&>(unsigned int &&,unsigned int &&,unsigned int &,unsigned int &)” funkcji szablon
C:\Program Files (x86)\Microsoft Visual Studio\2019\Community\VC\Tools\MSVC\14.26.28801\include\xmemory(671,103): warning C4244: "argument": konwersja z "_Ty" do "float", możliwa utrata danych
          with
          [
              _Ty=unsigned int
          ]
  Generowanie kodu...
C:\Pojekty_wslasne\SFML_podstawy\SFML_podstawy\SFML_podstawy.cpp(30): warning C4715: "collisionTest”: niewszystkie ścieżki kodu zwracają wartość
C:\Pojekty_wslasne\SFML_podstawy\SFML_podstawy\SFML_podstawy.cpp(54): warning C4715: "collisionTest”: niewszystkie ścieżki kodu zwracają wartość
  SFML_podstawy.vcxproj -> C:\Pojekty_wslasne\SFML_podstawy\Debug\SFML_podstawy.exe
